<?xml version="1.0" encoding="UTF-8"?>
<testng-results ignored="0" total="1" passed="1" failed="0" skipped="0">
  <reporter-output>
  </reporter-output>
  <suite started-at="2022-08-31T23:27:19 CST" name="Default suite" finished-at="2022-08-31T23:27:31 CST" duration-ms="11689">
    <groups>
    </groups>
    <test started-at="2022-08-31T23:27:19 CST" name="Default test" finished-at="2022-08-31T23:27:31 CST" duration-ms="11689">
      <class name="com.simplilearn.mavenproject.sampleSeleniumTest">
        <test-method signature="TestMethod()[pri:0, instance:com.simplilearn.mavenproject.sampleSeleniumTest@5403f35f]" started-at="2022-08-31T23:27:19 CST" name="TestMethod" finished-at="2022-08-31T23:27:31 CST" duration-ms="11636" status="PASS">
          <reporter-output>
          </reporter-output>
        </test-method> <!-- TestMethod -->
      </class> <!-- com.simplilearn.mavenproject.sampleSeleniumTest -->
    </test> <!-- Default test -->
  </suite> <!-- Default suite -->
</testng-results>
